{
  "RSpec": {
    "coverage": {
      "/home/robert/gh/lab42/lab42_literate/features/support/aruba.rb": [
        1
      ],
      "/home/robert/gh/lab42/lab42_literate/features/support/spec_runner.rb": [

      ],
      "/home/robert/gh/lab42/lab42_literate/features/step_definitions/running_spec_files.rb": [
        null,
        1,
        1,
        1,
        null,
        null,
        1,
        0,
        null,
        null,
        1,
        1,
        null,
        null,
        1,
        null,
        1,
        0,
        null,
        null
      ]
    },
    "timestamp": 1513459469
  },
  "Cucumber Features": {
    "coverage": {
      "/home/robert/gh/lab42/lab42_literate/features/support/aruba.rb": [
        1
      ]
    },
    "timestamp": 1513456582
  }
}
