{
  "RSpec": {
    "coverage": {
      "/home/robert/gh/lab42/lab42_literate/spec/support/fixtures.rb": [
        1,
        1,
        1,
        2,
        null,
        null,
        null,
        null,
        1,
        1,
        1,
        null
      ],
      "/home/robert/gh/lab42/lab42_literate/spec/support/meta.rb": [
        1,
        1,
        1,
        null,
        2,
        null,
        null,
        null,
        null,
        1,
        1,
        null
      ],
      "/home/robert/gh/lab42/lab42_literate/lib/lab42/literate.rb": [
        1,
        1,
        1,
        1,
        null,
        null,
        null,
        1,
        1,
        1,
        1,
        null,
        null,
        0,
        null,
        null
      ],
      "/home/robert/gh/lab42/lab42_literate/lib/lab42/literate/example_doctest.rb": [
        1,
        1,
        1,
        null,
        1,
        2,
        2,
        2,
        null,
        null,
        null,
        null,
        null,
        null
      ],
      "/home/robert/gh/lab42/lab42_literate/lib/lab42/literate/extractor.rb": [
        2,
        null,
        1,
        1,
        null,
        1,
        null,
        1,
        6,
        null,
        null,
        28,
        2,
        null,
        null,
        null,
        1,
        null,
        null,
        null,
        1,
        4,
        4,
        2,
        null,
        null,
        1,
        28,
        20,
        null,
        8,
        null,
        null,
        null,
        1,
        8,
        4,
        null,
        4,
        null,
        null,
        null,
        1,
        20,
        4,
        null,
        16,
        null,
        null,
        null,
        null
      ],
      "/home/robert/gh/lab42/lab42_literate/lib/lab42/literate/group_doctest.rb": [
        1,
        1,
        1,
        null,
        1,
        0,
        0,
        0,
        0,
        0,
        null,
        null,
        null,
        null,
        null,
        null
      ],
      "/home/robert/gh/lab42/lab42_literate/spec/literate/alterate_expect_syntax_spec.rb": [
        1,
        null,
        1,
        2,
        null,
        null,
        null,
        1,
        2,
        null,
        null,
        null,
        null,
        null
      ]
    },
    "timestamp": 1513443982
  },
  "Cucumber Features": {
    "coverage": {
    },
    "timestamp": 1513455442
  }
}
